{"D:\\Users\\Trabajo\\Documents\\Repositorios de Código\\rxasing\\rxasign\\src\\components\\HelloWorld.vue": {"path":"D:\\Users\\Trabajo\\Documents\\Repositorios de Código\\rxasing\\rxasign\\src\\components\\HelloWorld.vue","statementMap":{"0":{"start":{"line":5,"column":15},"end":{"line":9,"column":null}},"1":{"start":{"line":2,"column":2},"end":{"line":2,"column":22}}},"fnMap":{},"branchMap":{},"s":{"0":1,"1":1},"f":{},"b":{},"meta":{"lastBranch":0,"lastFunction":0,"lastStatement":2,"seen":{"s:5:15:9:Infinity":0,"s:2:2:2:22":1}}}
}
